<?xml version="1.0" encoding="utf-8"?><testsuites name="pytest tests"><testsuite name="pytest" errors="0" failures="0" skipped="2" tests="27" time="7.943" timestamp="2026-05-23T18:59:15.482565+00:00" hostname="agent-env-a57d4e6a-a746-4327-8682-804ab663c162"><testcase classname="backend.tests.test_auth_cookie_session_security" name="test_login_sets_session_and_csrf_cookies" time="0.157" /><testcase classname="backend.tests.test_auth_cookie_session_security" name="test_cookie_auth_status_reports_authenticated_email" time="0.211" /><testcase classname="backend.tests.test_auth_cookie_session_security" name="test_cookie_state_change_requires_csrf_header" time="0.345" /><testcase classname="backend.tests.test_auth_cookie_session_security" name="test_cookie_manual_collector_requires_csrf_header" time="0.261" /><testcase classname="backend.tests.test_auth_cookie_session_security" name="test_bearer_auth_still_works_for_protected_flows" time="0.239" /><testcase classname="backend.tests.test_auth_cookie_session_security" name="test_logout_clears_cookie_session" time="0.232" /><testcase classname="backend.tests.test_auth_cookie_session_security" name="test_lockout_after_repeated_failed_attempts" time="0.349" /><testcase classname="backend.tests.test_auth_cookie_session_security" name="test_register_admin_complexity_enforced_when_first_admin_absent" time="0.088"><skipped type="pytest.skip" message="Admin already exists in shared environment; first-admin complexity path not reachable">/app/backend/tests/test_auth_cookie_session_security.py:211: Admin already exists in shared environment; first-admin complexity path not reachable</skipped></testcase><testcase classname="backend.tests.test_auth_settings_trends_alerts" name="test_auth_status_and_register_bootstrap_behavior" time="0.155" /><testcase classname="backend.tests.test_auth_settings_trends_alerts" name="test_login_failure_records_audit" time="0.331" /><testcase classname="backend.tests.test_auth_settings_trends_alerts" name="test_login_success_records_audit" time="0.351" /><testcase classname="backend.tests.test_auth_settings_trends_alerts" name="test_settings_endpoints_require_auth" time="0.126" /><testcase classname="backend.tests.test_auth_settings_trends_alerts" name="test_settings_persist_with_auth_and_log_audit" time="0.475" /><testcase classname="backend.tests.test_auth_settings_trends_alerts" name="test_manual_collector_trigger_and_audit_entry" time="0.306" /><testcase classname="backend.tests.test_auth_settings_trends_alerts" name="test_trends_default_returns_30_day_window" time="0.085" /><testcase classname="backend.tests.test_auth_settings_trends_alerts" name="test_alerts_endpoint_returns_simulated_email_fields" time="0.090" /><testcase classname="backend.tests.test_auth_settings_trends_alerts" name="test_alert_acknowledge_requires_auth" time="0.099"><skipped type="pytest.skip" message="No active alerts available for auth-required acknowledge check">/app/backend/tests/test_auth_settings_trends_alerts.py:327: No active alerts available for auth-required acknowledge check</skipped></testcase><testcase classname="backend.tests.test_auth_settings_trends_alerts" name="test_alert_acknowledge_with_auth_updates_state_and_audit" time="0.442" /><testcase classname="backend.tests.test_auth_settings_trends_alerts" name="test_audit_logs_endpoint_requires_auth" time="0.111" /><testcase classname="backend.tests.test_oic_monitor_api" name="test_health_endpoint" time="0.084" /><testcase classname="backend.tests.test_oic_monitor_api" name="test_executive_summary_has_seeded_170_and_top_failing" time="0.090" /><testcase classname="backend.tests.test_oic_monitor_api" name="test_integrations_list_supports_pagination" time="0.090" /><testcase classname="backend.tests.test_oic_monitor_api" name="test_integrations_list_supports_filters" time="0.133" /><testcase classname="backend.tests.test_oic_monitor_api" name="test_integration_detail_contains_top_3_recommendations" time="0.141" /><testcase classname="backend.tests.test_oic_monitor_api" name="test_latency_logs_capture_middleware_entries" time="2.252" /><testcase classname="backend.tests.test_oic_monitor_api" name="test_settings_get_and_put_persist" time="0.405" /><testcase classname="backend.tests.test_oic_monitor_api" name="test_mock_collector_run_updates_integrations" time="0.193" /></testsuite></testsuites>