<?xml version="1.0" encoding="utf-8"?><testsuites name="pytest tests"><testsuite name="pytest" errors="0" failures="0" skipped="1" tests="40" time="6.431" timestamp="2026-05-23T05:33:33.182104+00:00" hostname="agent-env-a57d4e6a-a746-4327-8682-804ab663c162"><testcase classname="backend.tests.test_auth_cookie_session_security" name="test_login_sets_session_and_csrf_cookies" time="0.052" /><testcase classname="backend.tests.test_auth_cookie_session_security" name="test_cookie_auth_status_reports_authenticated_email" time="0.094" /><testcase classname="backend.tests.test_auth_cookie_session_security" name="test_cookie_state_change_requires_csrf_header" time="0.246" /><testcase classname="backend.tests.test_auth_cookie_session_security" name="test_cookie_manual_collector_requires_csrf_header" time="0.149" /><testcase classname="backend.tests.test_auth_cookie_session_security" name="test_bearer_auth_still_works_for_protected_flows" time="0.145" /><testcase classname="backend.tests.test_auth_cookie_session_security" name="test_logout_clears_cookie_session" time="0.150" /><testcase classname="backend.tests.test_auth_cookie_session_security" name="test_lockout_after_repeated_failed_attempts" time="0.222" /><testcase classname="backend.tests.test_auth_cookie_session_security" name="test_register_admin_complexity_enforced_when_first_admin_absent" time="0.006"><skipped type="pytest.skip" message="Admin already exists in shared environment; first-admin complexity path not reachable">/app/backend/tests/test_auth_cookie_session_security.py:211: Admin already exists in shared environment; first-admin complexity path not reachable</skipped></testcase><testcase classname="backend.tests.test_auth_settings_trends_alerts" name="test_auth_status_and_register_bootstrap_behavior" time="0.054" /><testcase classname="backend.tests.test_auth_settings_trends_alerts" name="test_login_failure_records_audit" time="0.229" /><testcase classname="backend.tests.test_auth_settings_trends_alerts" name="test_login_success_records_audit" time="0.231" /><testcase classname="backend.tests.test_auth_settings_trends_alerts" name="test_settings_endpoints_require_auth" time="0.049" /><testcase classname="backend.tests.test_auth_settings_trends_alerts" name="test_settings_persist_with_auth_and_log_audit" time="0.345" /><testcase classname="backend.tests.test_auth_settings_trends_alerts" name="test_manual_collector_trigger_and_audit_entry" time="0.197" /><testcase classname="backend.tests.test_auth_settings_trends_alerts" name="test_trends_default_returns_30_day_window" time="0.007" /><testcase classname="backend.tests.test_auth_settings_trends_alerts" name="test_alerts_endpoint_returns_simulated_email_fields" time="0.006" /><testcase classname="backend.tests.test_auth_settings_trends_alerts" name="test_alert_acknowledge_requires_auth" time="0.050" /><testcase classname="backend.tests.test_auth_settings_trends_alerts" name="test_alert_acknowledge_with_auth_updates_state_and_audit" time="0.287" /><testcase classname="backend.tests.test_auth_settings_trends_alerts" name="test_audit_logs_endpoint_requires_auth" time="0.005" /><testcase classname="backend.tests.test_oic_monitor_api" name="test_health_endpoint" time="0.005" /><testcase classname="backend.tests.test_oic_monitor_api" name="test_executive_summary_has_seeded_170_and_top_failing" time="0.005" /><testcase classname="backend.tests.test_oic_monitor_api" name="test_integrations_list_supports_pagination" time="0.006" /><testcase classname="backend.tests.test_oic_monitor_api" name="test_integrations_list_supports_filters" time="0.051" /><testcase classname="backend.tests.test_oic_monitor_api" name="test_integration_detail_contains_top_3_recommendations" time="0.052" /><testcase classname="backend.tests.test_oic_monitor_api" name="test_latency_logs_capture_middleware_entries" time="0.144" /><testcase classname="backend.tests.test_oic_monitor_api" name="test_settings_get_and_put_persist" time="0.294" /><testcase classname="backend.tests.test_oic_monitor_api" name="test_mock_collector_run_updates_integrations" time="0.106" /><testcase classname="backend.tests.test_password_reset_and_session_revocation" name="test_password_reset_request_returns_code_and_60_min_expiry" time="0.012" /><testcase classname="backend.tests.test_password_reset_and_session_revocation" name="test_password_reset_confirm_updates_password_revokes_sessions_and_blocks_reuse" time="0.656" /><testcase classname="backend.tests.test_password_reset_and_session_revocation" name="test_auto_revoke_previous_sessions_on_new_login" time="0.230" /><testcase classname="backend.tests.test_password_reset_and_session_revocation" name="test_manual_revoke_all_sessions_requires_auth_and_csrf_then_revokes_cookie_session" time="0.237" /><testcase classname="backend.tests.test_password_reset_and_session_revocation" name="test_security_page_related_flows_keep_bearer_compatibility_for_write_endpoints" time="0.151" /><testcase classname="backend.tests.test_password_reset_and_session_revocation" name="test_core_read_flows_and_domain_split_endpoints_no_regression" time="0.192" /><testcase classname="backend.tests.test_threshold_settings_alerts" name="test_settings_get_returns_all_threshold_fields" time="0.145" /><testcase classname="backend.tests.test_threshold_settings_alerts" name="test_settings_update_persists_thresholds_and_writes_audit" time="0.343" /><testcase classname="backend.tests.test_threshold_settings_alerts" name="test_threshold_validation_enforces_warning_lte_critical[threshold_issue_score_warning-threshold_issue_score_critical-11-10-Issue score warning threshold must be &lt;= critical threshold]" time="0.192" /><testcase classname="backend.tests.test_threshold_settings_alerts" name="test_threshold_validation_enforces_warning_lte_critical[threshold_missed_schedules_warning-threshold_missed_schedules_critical-6-5-Missed schedules warning threshold must be &lt;= critical threshold]" time="0.189" /><testcase classname="backend.tests.test_threshold_settings_alerts" name="test_threshold_validation_enforces_warning_lte_critical[threshold_critical_integrations_warning-threshold_critical_integrations_critical-51-50-Critical integration count warning threshold must be &lt;= critical threshold]" time="0.188" /><testcase classname="backend.tests.test_threshold_settings_alerts" name="test_collector_alerts_and_dashboard_visibility_follow_thresholds" time="0.503" /><testcase classname="backend.tests.test_threshold_settings_alerts" name="test_no_regression_for_dashboard_summary_and_integrations_list" time="0.098" /></testsuite></testsuites>