<?xml version="1.0" encoding="utf-8"?><testsuites name="pytest tests"><testsuite name="pytest" errors="0" failures="0" skipped="0" tests="2" time="25.683" timestamp="2026-05-23T19:00:08.053177+00:00" hostname="agent-env-a57d4e6a-a746-4327-8682-804ab663c162"><testcase classname="backend.tests.test_webhook_delivery_logs_api" name="test_settings_guardrails_reject_out_of_range_webhook_retry_policy" time="2.551" /><testcase classname="backend.tests.test_webhook_delivery_logs_api" name="test_webhook_delivery_logs_returns_summary_and_filtered_items" time="23.039" /></testsuite></testsuites>