<?xml version="1.0" encoding="utf-8"?><testsuites name="pytest tests"><testsuite name="pytest" errors="0" failures="0" skipped="1" tests="27" time="3.284" timestamp="2026-05-23T05:06:39.513180+00:00" hostname="agent-env-a57d4e6a-a746-4327-8682-804ab663c162"><testcase classname="backend.tests.test_auth_cookie_session_security" name="test_login_sets_session_and_csrf_cookies" time="0.054" /><testcase classname="backend.tests.test_auth_cookie_session_security" name="test_cookie_auth_status_reports_authenticated_email" time="0.093" /><testcase classname="backend.tests.test_auth_cookie_session_security" name="test_cookie_state_change_requires_csrf_header" time="0.254" /><testcase classname="backend.tests.test_auth_cookie_session_security" name="test_cookie_manual_collector_requires_csrf_header" time="0.147" /><testcase classname="backend.tests.test_auth_cookie_session_security" name="test_bearer_auth_still_works_for_protected_flows" time="0.146" /><testcase classname="backend.tests.test_auth_cookie_session_security" name="test_logout_clears_cookie_session" time="0.141" /><testcase classname="backend.tests.test_auth_cookie_session_security" name="test_lockout_after_repeated_failed_attempts" time="0.221" /><testcase classname="backend.tests.test_auth_cookie_session_security" name="test_register_admin_complexity_enforced_when_first_admin_absent" time="0.006"><skipped type="pytest.skip" message="Admin already exists in shared environment; first-admin complexity path not reachable">/app/backend/tests/test_auth_cookie_session_security.py:210: Admin already exists in shared environment; first-admin complexity path not reachable</skipped></testcase><testcase classname="backend.tests.test_auth_settings_trends_alerts" name="test_auth_status_and_register_bootstrap_behavior" time="0.054" /><testcase classname="backend.tests.test_auth_settings_trends_alerts" name="test_login_failure_records_audit" time="0.232" /><testcase classname="backend.tests.test_auth_settings_trends_alerts" name="test_login_success_records_audit" time="0.233" /><testcase classname="backend.tests.test_auth_settings_trends_alerts" name="test_settings_endpoints_require_auth" time="0.052" /><testcase classname="backend.tests.test_auth_settings_trends_alerts" name="test_settings_persist_with_auth_and_log_audit" time="0.342" /><testcase classname="backend.tests.test_auth_settings_trends_alerts" name="test_manual_collector_trigger_and_audit_entry" time="0.194" /><testcase classname="backend.tests.test_auth_settings_trends_alerts" name="test_trends_default_returns_30_day_window" time="0.007" /><testcase classname="backend.tests.test_auth_settings_trends_alerts" name="test_alerts_endpoint_returns_simulated_email_fields" time="0.006" /><testcase classname="backend.tests.test_auth_settings_trends_alerts" name="test_alert_acknowledge_requires_auth" time="0.052" /><testcase classname="backend.tests.test_auth_settings_trends_alerts" name="test_alert_acknowledge_with_auth_updates_state_and_audit" time="0.285" /><testcase classname="backend.tests.test_auth_settings_trends_alerts" name="test_audit_logs_endpoint_requires_auth" time="0.006" /><testcase classname="backend.tests.test_oic_monitor_api" name="test_health_endpoint" time="0.005" /><testcase classname="backend.tests.test_oic_monitor_api" name="test_executive_summary_has_seeded_170_and_top_failing" time="0.005" /><testcase classname="backend.tests.test_oic_monitor_api" name="test_integrations_list_supports_pagination" time="0.006" /><testcase classname="backend.tests.test_oic_monitor_api" name="test_integrations_list_supports_filters" time="0.051" /><testcase classname="backend.tests.test_oic_monitor_api" name="test_integration_detail_contains_top_3_recommendations" time="0.052" /><testcase classname="backend.tests.test_oic_monitor_api" name="test_latency_logs_capture_middleware_entries" time="0.144" /><testcase classname="backend.tests.test_oic_monitor_api" name="test_settings_get_and_put_persist" time="0.289" /><testcase classname="backend.tests.test_oic_monitor_api" name="test_mock_collector_run_updates_integrations" time="0.100" /></testsuite></testsuites>